<?xml version="1.0" encoding="UTF-8"?>
<testsuites tests="3" failures="0" disabled="0" errors="0" time="0." timestamp="2026-08-07T17:52:40.069" name="AllTests">
  <testsuite name="PurePursuit" tests="3" failures="0" disabled="0" skipped="0" errors="0" time="0." timestamp="2026-08-07T17:52:40.069">
    <testcase name="CommandsMaximumSpeedForStraightAheadTarget" file="/home/janeikeliu/projects/rosmasterA1/test/test_pure_pursuit.cpp" line="15" status="run" result="completed" time="0." timestamp="2026-08-07T17:52:40.069" classname="rosmaster_a1.PurePursuit" />
    <testcase name="LimitsSteeringAndReducesSpeedForLargeHeadingError" file="/home/janeikeliu/projects/rosmasterA1/test/test_pure_pursuit.cpp" line="26" status="run" result="completed" time="0." timestamp="2026-08-07T17:52:40.069" classname="rosmaster_a1.PurePursuit" />
    <testcase name="WrapsHeadingErrorAcrossPiBoundary" file="/home/janeikeliu/projects/rosmasterA1/test/test_pure_pursuit.cpp" line="37" status="run" result="completed" time="0." timestamp="2026-08-07T17:52:40.069" classname="rosmaster_a1.PurePursuit" />
  </testsuite>
</testsuites>
