<?xml version="1.0" encoding="UTF-8"?>
<Site BuildName="(empty)"
	BuildStamp="20260808-0050-Experimental"
	Name="jllaptop"
	Generator="ctest-3.28.3"
	CompilerName="/usr/bin/c++"
	CompilerVersion="13.3.0"
	OSName="Linux"
	Hostname="jllaptop"
	OSRelease="6.6.87.2-microsoft-standard-WSL2"
	OSVersion="#1 SMP PREEMPT_DYNAMIC Thu Jun  5 18:30:46 UTC 2025"
	OSPlatform="x86_64"
	Is64Bits="1"
	VendorString="GenuineIntel"
	VendorID="Intel Corporation"
	FamilyID="6"
	ModelID="170"
	ProcessorCacheSize="24576"
	NumberOfLogicalCPU="22"
	NumberOfPhysicalCPU="11"
	TotalVirtualMemory="2048"
	TotalPhysicalMemory="7664"
	LogicalProcessorsPerPhysical="2"
	ProcessorClockFrequency="2995.2"
	>
	<Testing>
		<StartDateTime>Aug 07 17:50 PDT</StartDateTime>
		<StartTestTime>1786150203</StartTestTime>
		<TestList>
			<Test>./test_pure_pursuit</Test>
			<Test>./test_vehicle_kinematics</Test>
		</TestList>
		<Test Status="passed">
			<Name>test_pure_pursuit</Name>
			<Path>.</Path>
			<FullName>./test_pure_pursuit</FullName>
			<FullCommandLine>/home/janeikeliu/projects/sparky/venv/bin/python3 "-u" "/opt/ros/jazzy/share/ament_cmake_test/cmake/run_test.py" "/home/janeikeliu/projects/rosmasterA1/build/rosmaster_a1/test_results/rosmaster_a1/test_pure_pursuit.gtest.xml" "--package-name" "rosmaster_a1" "--output-file" "/home/janeikeliu/projects/rosmasterA1/build/rosmaster_a1/ament_cmake_gtest/test_pure_pursuit.txt" "--command" "/home/janeikeliu/projects/rosmasterA1/build/rosmaster_a1/test_pure_pursuit" "--gtest_output=xml:/home/janeikeliu/projects/rosmasterA1/build/rosmaster_a1/test_results/rosmaster_a1/test_pure_pursuit.gtest.xml"</FullCommandLine>
			<Results>
				<NamedMeasurement type="numeric/double" name="Execution Time">
					<Value>0.0769887</Value>
				</NamedMeasurement>
				<NamedMeasurement type="numeric/double" name="Processors">
					<Value>1</Value>
				</NamedMeasurement>
				<NamedMeasurement type="text/string" name="Completion Status">
					<Value>Completed</Value>
				</NamedMeasurement>
				<NamedMeasurement type="text/string" name="Command Line">
					<Value>/home/janeikeliu/projects/sparky/venv/bin/python3 "-u" "/opt/ros/jazzy/share/ament_cmake_test/cmake/run_test.py" "/home/janeikeliu/projects/rosmasterA1/build/rosmaster_a1/test_results/rosmaster_a1/test_pure_pursuit.gtest.xml" "--package-name" "rosmaster_a1" "--output-file" "/home/janeikeliu/projects/rosmasterA1/build/rosmaster_a1/ament_cmake_gtest/test_pure_pursuit.txt" "--command" "/home/janeikeliu/projects/rosmasterA1/build/rosmaster_a1/test_pure_pursuit" "--gtest_output=xml:/home/janeikeliu/projects/rosmasterA1/build/rosmaster_a1/test_results/rosmaster_a1/test_pure_pursuit.gtest.xml"</Value>
				</NamedMeasurement>
				<NamedMeasurement type="text/string" name="Environment">
					<Value>#CTEST_RESOURCE_GROUP_COUNT=</Value>
				</NamedMeasurement>
				<Measurement>
					<Value>-- run_test.py: invoking following command in '/home/janeikeliu/projects/rosmasterA1/build/rosmaster_a1':
 - /home/janeikeliu/projects/rosmasterA1/build/rosmaster_a1/test_pure_pursuit --gtest_output=xml:/home/janeikeliu/projects/rosmasterA1/build/rosmaster_a1/test_results/rosmaster_a1/test_pure_pursuit.gtest.xml
Running main() from /opt/ros/jazzy/src/gtest_vendor/src/gtest_main.cc
[==========] Running 3 tests from 1 test suite.
[----------] Global test environment set-up.
[----------] 3 tests from PurePursuit
[ RUN      ] PurePursuit.CommandsMaximumSpeedForStraightAheadTarget
[       OK ] PurePursuit.CommandsMaximumSpeedForStraightAheadTarget (0 ms)
[ RUN      ] PurePursuit.LimitsSteeringAndReducesSpeedForLargeHeadingError
[       OK ] PurePursuit.LimitsSteeringAndReducesSpeedForLargeHeadingError (0 ms)
[ RUN      ] PurePursuit.WrapsHeadingErrorAcrossPiBoundary
[       OK ] PurePursuit.WrapsHeadingErrorAcrossPiBoundary (0 ms)
[----------] 3 tests from PurePursuit (0 ms total)

[----------] Global test environment tear-down
[==========] 3 tests from 1 test suite ran. (0 ms total)
[  PASSED  ] 3 tests.
-- run_test.py: return code 0
-- run_test.py: inject classname prefix into gtest result file '/home/janeikeliu/projects/rosmasterA1/build/rosmaster_a1/test_results/rosmaster_a1/test_pure_pursuit.gtest.xml'
-- run_test.py: verify result file '/home/janeikeliu/projects/rosmasterA1/build/rosmaster_a1/test_results/rosmaster_a1/test_pure_pursuit.gtest.xml'
</Value>
				</Measurement>
			</Results>
			<Labels>
				<Label>gtest</Label>
			</Labels>
		</Test>
		<Test Status="passed">
			<Name>test_vehicle_kinematics</Name>
			<Path>.</Path>
			<FullName>./test_vehicle_kinematics</FullName>
			<FullCommandLine>/home/janeikeliu/projects/sparky/venv/bin/python3 "-u" "/opt/ros/jazzy/share/ament_cmake_test/cmake/run_test.py" "/home/janeikeliu/projects/rosmasterA1/build/rosmaster_a1/test_results/rosmaster_a1/test_vehicle_kinematics.gtest.xml" "--package-name" "rosmaster_a1" "--output-file" "/home/janeikeliu/projects/rosmasterA1/build/rosmaster_a1/ament_cmake_gtest/test_vehicle_kinematics.txt" "--command" "/home/janeikeliu/projects/rosmasterA1/build/rosmaster_a1/test_vehicle_kinematics" "--gtest_output=xml:/home/janeikeliu/projects/rosmasterA1/build/rosmaster_a1/test_results/rosmaster_a1/test_vehicle_kinematics.gtest.xml"</FullCommandLine>
			<Results>
				<NamedMeasurement type="numeric/double" name="Execution Time">
					<Value>0.0889953</Value>
				</NamedMeasurement>
				<NamedMeasurement type="numeric/double" name="Processors">
					<Value>1</Value>
				</NamedMeasurement>
				<NamedMeasurement type="text/string" name="Completion Status">
					<Value>Completed</Value>
				</NamedMeasurement>
				<NamedMeasurement type="text/string" name="Command Line">
					<Value>/home/janeikeliu/projects/sparky/venv/bin/python3 "-u" "/opt/ros/jazzy/share/ament_cmake_test/cmake/run_test.py" "/home/janeikeliu/projects/rosmasterA1/build/rosmaster_a1/test_results/rosmaster_a1/test_vehicle_kinematics.gtest.xml" "--package-name" "rosmaster_a1" "--output-file" "/home/janeikeliu/projects/rosmasterA1/build/rosmaster_a1/ament_cmake_gtest/test_vehicle_kinematics.txt" "--command" "/home/janeikeliu/projects/rosmasterA1/build/rosmaster_a1/test_vehicle_kinematics" "--gtest_output=xml:/home/janeikeliu/projects/rosmasterA1/build/rosmaster_a1/test_results/rosmaster_a1/test_vehicle_kinematics.gtest.xml"</Value>
				</NamedMeasurement>
				<NamedMeasurement type="text/string" name="Environment">
					<Value>#CTEST_RESOURCE_GROUP_COUNT=</Value>
				</NamedMeasurement>
				<Measurement>
					<Value>-- run_test.py: invoking following command in '/home/janeikeliu/projects/rosmasterA1/build/rosmaster_a1':
 - /home/janeikeliu/projects/rosmasterA1/build/rosmaster_a1/test_vehicle_kinematics --gtest_output=xml:/home/janeikeliu/projects/rosmasterA1/build/rosmaster_a1/test_results/rosmaster_a1/test_vehicle_kinematics.gtest.xml
Running main() from /opt/ros/jazzy/src/gtest_vendor/src/gtest_main.cc
[==========] Running 2 tests from 1 test suite.
[----------] Global test environment set-up.
[----------] 2 tests from VehicleKinematics
[ RUN      ] VehicleKinematics.IntegratesStraightMotion
[       OK ] VehicleKinematics.IntegratesStraightMotion (0 ms)
[ RUN      ] VehicleKinematics.IntegratesHeadingUsingBicycleYawRate
[       OK ] VehicleKinematics.IntegratesHeadingUsingBicycleYawRate (0 ms)
[----------] 2 tests from VehicleKinematics (0 ms total)

[----------] Global test environment tear-down
[==========] 2 tests from 1 test suite ran. (0 ms total)
[  PASSED  ] 2 tests.
-- run_test.py: return code 0
-- run_test.py: inject classname prefix into gtest result file '/home/janeikeliu/projects/rosmasterA1/build/rosmaster_a1/test_results/rosmaster_a1/test_vehicle_kinematics.gtest.xml'
-- run_test.py: verify result file '/home/janeikeliu/projects/rosmasterA1/build/rosmaster_a1/test_results/rosmaster_a1/test_vehicle_kinematics.gtest.xml'
</Value>
				</Measurement>
			</Results>
			<Labels>
				<Label>gtest</Label>
			</Labels>
		</Test>
		<EndDateTime>Aug 07 17:50 PDT</EndDateTime>
		<EndTestTime>1786150203</EndTestTime>
		<ElapsedMinutes>0</ElapsedMinutes>
	</Testing>
</Site>
