Start testing: Aug 07 17:52 PDT
----------------------------------------------------------
1/2 Testing: test_pure_pursuit
1/2 Test: test_pure_pursuit
Command: "/home/janeikeliu/projects/sparky/venv/bin/python3" "-u" "/opt/ros/jazzy/share/ament_cmake_test/cmake/run_test.py" "/home/janeikeliu/projects/rosmasterA1/build/rosmaster_a1/test_results/rosmaster_a1/test_pure_pursuit.gtest.xml" "--package-name" "rosmaster_a1" "--output-file" "/home/janeikeliu/projects/rosmasterA1/build/rosmaster_a1/ament_cmake_gtest/test_pure_pursuit.txt" "--command" "/home/janeikeliu/projects/rosmasterA1/build/rosmaster_a1/test_pure_pursuit" "--gtest_output=xml:/home/janeikeliu/projects/rosmasterA1/build/rosmaster_a1/test_results/rosmaster_a1/test_pure_pursuit.gtest.xml"
Directory: /home/janeikeliu/projects/rosmasterA1/build/rosmaster_a1
"test_pure_pursuit" start time: Aug 07 17:52 PDT
Output:
----------------------------------------------------------
-- run_test.py: invoking following command in '/home/janeikeliu/projects/rosmasterA1/build/rosmaster_a1':
 - /home/janeikeliu/projects/rosmasterA1/build/rosmaster_a1/test_pure_pursuit --gtest_output=xml:/home/janeikeliu/projects/rosmasterA1/build/rosmaster_a1/test_results/rosmaster_a1/test_pure_pursuit.gtest.xml
Running main() from /opt/ros/jazzy/src/gtest_vendor/src/gtest_main.cc
[==========] Running 3 tests from 1 test suite.
[----------] Global test environment set-up.
[----------] 3 tests from PurePursuit
[ RUN      ] PurePursuit.CommandsMaximumSpeedForStraightAheadTarget
[       OK ] PurePursuit.CommandsMaximumSpeedForStraightAheadTarget (0 ms)
[ RUN      ] PurePursuit.LimitsSteeringAndReducesSpeedForLargeHeadingError
[       OK ] PurePursuit.LimitsSteeringAndReducesSpeedForLargeHeadingError (0 ms)
[ RUN      ] PurePursuit.WrapsHeadingErrorAcrossPiBoundary
[       OK ] PurePursuit.WrapsHeadingErrorAcrossPiBoundary (0 ms)
[----------] 3 tests from PurePursuit (0 ms total)

[----------] Global test environment tear-down
[==========] 3 tests from 1 test suite ran. (0 ms total)
[  PASSED  ] 3 tests.
-- run_test.py: return code 0
-- run_test.py: inject classname prefix into gtest result file '/home/janeikeliu/projects/rosmasterA1/build/rosmaster_a1/test_results/rosmaster_a1/test_pure_pursuit.gtest.xml'
-- run_test.py: verify result file '/home/janeikeliu/projects/rosmasterA1/build/rosmaster_a1/test_results/rosmaster_a1/test_pure_pursuit.gtest.xml'
<end of output>
Test time =   0.07 sec
----------------------------------------------------------
Test Passed.
"test_pure_pursuit" end time: Aug 07 17:52 PDT
"test_pure_pursuit" time elapsed: 00:00:00
----------------------------------------------------------

2/2 Testing: test_vehicle_kinematics
2/2 Test: test_vehicle_kinematics
Command: "/home/janeikeliu/projects/sparky/venv/bin/python3" "-u" "/opt/ros/jazzy/share/ament_cmake_test/cmake/run_test.py" "/home/janeikeliu/projects/rosmasterA1/build/rosmaster_a1/test_results/rosmaster_a1/test_vehicle_kinematics.gtest.xml" "--package-name" "rosmaster_a1" "--output-file" "/home/janeikeliu/projects/rosmasterA1/build/rosmaster_a1/ament_cmake_gtest/test_vehicle_kinematics.txt" "--command" "/home/janeikeliu/projects/rosmasterA1/build/rosmaster_a1/test_vehicle_kinematics" "--gtest_output=xml:/home/janeikeliu/projects/rosmasterA1/build/rosmaster_a1/test_results/rosmaster_a1/test_vehicle_kinematics.gtest.xml"
Directory: /home/janeikeliu/projects/rosmasterA1/build/rosmaster_a1
"test_vehicle_kinematics" start time: Aug 07 17:52 PDT
Output:
----------------------------------------------------------
-- run_test.py: invoking following command in '/home/janeikeliu/projects/rosmasterA1/build/rosmaster_a1':
 - /home/janeikeliu/projects/rosmasterA1/build/rosmaster_a1/test_vehicle_kinematics --gtest_output=xml:/home/janeikeliu/projects/rosmasterA1/build/rosmaster_a1/test_results/rosmaster_a1/test_vehicle_kinematics.gtest.xml
Running main() from /opt/ros/jazzy/src/gtest_vendor/src/gtest_main.cc
[==========] Running 2 tests from 1 test suite.
[----------] Global test environment set-up.
[----------] 2 tests from VehicleKinematics
[ RUN      ] VehicleKinematics.IntegratesStraightMotion
[       OK ] VehicleKinematics.IntegratesStraightMotion (0 ms)
[ RUN      ] VehicleKinematics.IntegratesHeadingUsingBicycleYawRate
[       OK ] VehicleKinematics.IntegratesHeadingUsingBicycleYawRate (0 ms)
[----------] 2 tests from VehicleKinematics (0 ms total)

[----------] Global test environment tear-down
[==========] 2 tests from 1 test suite ran. (0 ms total)
[  PASSED  ] 2 tests.
-- run_test.py: return code 0
-- run_test.py: inject classname prefix into gtest result file '/home/janeikeliu/projects/rosmasterA1/build/rosmaster_a1/test_results/rosmaster_a1/test_vehicle_kinematics.gtest.xml'
-- run_test.py: verify result file '/home/janeikeliu/projects/rosmasterA1/build/rosmaster_a1/test_results/rosmaster_a1/test_vehicle_kinematics.gtest.xml'
<end of output>
Test time =   0.07 sec
----------------------------------------------------------
Test Passed.
"test_vehicle_kinematics" end time: Aug 07 17:52 PDT
"test_vehicle_kinematics" time elapsed: 00:00:00
----------------------------------------------------------

End testing: Aug 07 17:52 PDT

gtest =   0.14 sec*proc

